[1205/180858.296:ERROR:file_io_win.cc(162)] CreateFile C:\Users\vivanu\AppData\Local\Temp\scoped_dir13184_544380539\Crashpad\settings.dat: Не удается найти указанный файл. (0x2)
[1205/182417.086:ERROR:directory_reader_win.cc(43)] FindFirstFile: Системе не удается найти указанный путь. (0x3)
[1206/174252.286:ERROR:filesystem_win.cc(129)] GetFileAttributes C:\Users\vivanu\AppData\Local\Temp\scoped_dir12368_1427410999\Crashpad\attachments\4c55f371-17f4-4a05-a94f-ef4c8c35f909: Системе не удается найти указанный путь. (0x3)
[1206/174828.198:ERROR:filesystem_win.cc(129)] GetFileAttributes C:\Users\vivanu\AppData\Local\Temp\scoped_dir21784_2004231053\Crashpad\attachments\2fc06fb5-7c49-45c1-b88e-b1f78be111b9: Системе не удается найти указанный путь. (0x3)
[1206/175031.812:ERROR:directory_reader_win.cc(43)] FindFirstFile: Системе не удается найти указанный путь. (0x3)
[1206/175031.814:ERROR:prune_crash_reports.cc(36)] PruneCrashReportDatabase: Failed to get pending reports
[1206/183337.688:ERROR:filesystem_win.cc(129)] GetFileAttributes C:\Users\vivanu\AppData\Local\Temp\scoped_dir19324_1220493724\Crashpad\attachments\efd44d5f-cf7d-47c1-bdd3-0fb91dff97a8: Системе не удается найти указанный путь. (0x3)
[1206/210503.301:ERROR:directory_reader_win.cc(43)] FindFirstFile: Системе не удается найти указанный путь. (0x3)
[1206/210503.307:ERROR:prune_crash_reports.cc(36)] PruneCrashReportDatabase: Failed to get pending reports
[1207/164759.662:ERROR:file_io_win.cc(162)] CreateFile C:\Users\vivanu\AppData\Local\Temp\scoped_dir1628_811194151\Crashpad\settings.dat: Системе не удается найти указанный путь. (0x3)
[1207/164759.665:ERROR:file_io_win.cc(171)] CreateFile C:\Users\vivanu\AppData\Local\Temp\scoped_dir1628_811194151\Crashpad\reports\75889de1-4f42-4a6a-a69d-5214c65b4daf.dmp: Системе не удается найти указанный путь. (0x3)
[1207/164759.665:ERROR:crash_report_exception_handler.cc(99)] PrepareNewCrashReport failed
[1207/174014.841:ERROR:file_io_win.cc(162)] CreateFile C:\Users\vivanu\AppData\Local\Temp\scoped_dir24184_1929663083\Crashpad\settings.dat: Системе не удается найти указанный путь. (0x3)
[1207/174014.842:ERROR:file_io_win.cc(171)] CreateFile C:\Users\vivanu\AppData\Local\Temp\scoped_dir24184_1929663083\Crashpad\reports\4f86f01f-30d4-49e7-b634-106cc6b631ab.dmp: Системе не удается найти указанный путь. (0x3)
[1207/174014.842:ERROR:crash_report_exception_handler.cc(99)] PrepareNewCrashReport failed
[1213/131957.895:ERROR:directory_reader_win.cc(43)] FindFirstFile: Системе не удается найти указанный путь. (0x3)
[1213/131957.925:ERROR:prune_crash_reports.cc(36)] PruneCrashReportDatabase: Failed to get pending reports
[1213/132424.405:ERROR:directory_reader_win.cc(43)] FindFirstFile: Системе не удается найти указанный путь. (0x3)
[1213/132424.434:ERROR:prune_crash_reports.cc(36)] PruneCrashReportDatabase: Failed to get pending reports
[1213/133655.611:ERROR:directory_reader_win.cc(43)] FindFirstFile: Системе не удается найти указанный путь. (0x3)
[1213/133655.640:ERROR:prune_crash_reports.cc(36)] PruneCrashReportDatabase: Failed to get pending reports
[1213/134916.961:ERROR:directory_reader_win.cc(43)] FindFirstFile: Системе не удается найти указанный путь. (0x3)
[1213/134917.000:ERROR:prune_crash_reports.cc(36)] PruneCrashReportDatabase: Failed to get pending reports
[1213/143906.393:ERROR:directory_reader_win.cc(43)] FindFirstFile: Системе не удается найти указанный путь. (0x3)
[1213/143906.426:ERROR:prune_crash_reports.cc(36)] PruneCrashReportDatabase: Failed to get pending reports
[1213/144654.226:ERROR:directory_reader_win.cc(43)] FindFirstFile: Системе не удается найти указанный путь. (0x3)
[1213/144654.286:ERROR:prune_crash_reports.cc(36)] PruneCrashReportDatabase: Failed to get pending reports
[1213/150133.677:ERROR:directory_reader_win.cc(43)] FindFirstFile: Системе не удается найти указанный путь. (0x3)
[1214/120744.282:ERROR:file_io_win.cc(162)] CreateFile C:\Users\vivanu\AppData\Local\Temp\scoped_dir19232_65604116\Crashpad\settings.dat: Системе не удается найти указанный путь. (0x3)
[1214/120744.282:ERROR:file_io_win.cc(171)] CreateFile C:\Users\vivanu\AppData\Local\Temp\scoped_dir19232_65604116\Crashpad\reports\e0c0944e-c7e1-498f-b622-0f9a641df0e7.dmp: Системе не удается найти указанный путь. (0x3)
[1214/120744.282:ERROR:crash_report_exception_handler.cc(99)] PrepareNewCrashReport failed
[1214/124353.834:ERROR:filesystem_win.cc(129)] GetFileAttributes C:\Users\vivanu\AppData\Local\Temp\scoped_dir21780_209062427\Crashpad\attachments\e3a96587-e172-43e5-8fc2-493b97098dcf: Системе не удается найти указанный путь. (0x3)
[1214/141552.232:ERROR:file_io_win.cc(162)] CreateFile C:\Users\vivanu\AppData\Local\Temp\scoped_dir20040_23679137\Crashpad\settings.dat: Системе не удается найти указанный путь. (0x3)
[1214/141552.233:ERROR:file_io_win.cc(171)] CreateFile C:\Users\vivanu\AppData\Local\Temp\scoped_dir20040_23679137\Crashpad\reports\cd03d0f3-9d22-4cbb-be73-180315292aec.dmp: Системе не удается найти указанный путь. (0x3)
[1214/141552.233:ERROR:crash_report_exception_handler.cc(99)] PrepareNewCrashReport failed
[1214/224424.039:ERROR:file_io_win.cc(162)] CreateFile C:\Users\vivanu\AppData\Local\Temp\scoped_dir26528_1271624354\Crashpad\settings.dat: Системе не удается найти указанный путь. (0x3)
[1214/224424.039:ERROR:file_io_win.cc(171)] CreateFile C:\Users\vivanu\AppData\Local\Temp\scoped_dir26528_1271624354\Crashpad\reports\6ee64e23-97cc-45ad-bcf4-8aa4f168b081.dmp: Системе не удается найти указанный путь. (0x3)
[1214/224424.039:ERROR:crash_report_exception_handler.cc(99)] PrepareNewCrashReport failed
[1214/230915.749:ERROR:file_io_win.cc(162)] CreateFile C:\Users\vivanu\AppData\Local\Temp\scoped_dir24504_1622475641\Crashpad\settings.dat: Системе не удается найти указанный путь. (0x3)
[1214/230915.749:ERROR:file_io_win.cc(171)] CreateFile C:\Users\vivanu\AppData\Local\Temp\scoped_dir24504_1622475641\Crashpad\reports\8e118092-5c73-42c6-abd7-59c0f07886d4.dmp: Системе не удается найти указанный путь. (0x3)
[1214/230915.749:ERROR:crash_report_exception_handler.cc(99)] PrepareNewCrashReport failed
[1219/111748.887:ERROR:file_io_win.cc(162)] CreateFile C:\Users\vivanu\AppData\Local\Temp\scoped_dir10020_738530022\Crashpad\settings.dat: Системе не удается найти указанный путь. (0x3)
[1219/111748.889:ERROR:file_io_win.cc(171)] CreateFile C:\Users\vivanu\AppData\Local\Temp\scoped_dir10020_738530022\Crashpad\reports\9773afcb-8d46-45cb-80a9-7f98ff9af588.dmp: Системе не удается найти указанный путь. (0x3)
[1219/111748.889:ERROR:crash_report_exception_handler.cc(99)] PrepareNewCrashReport failed
[0109/185723.828:ERROR:directory_reader_win.cc(43)] FindFirstFile: Системе не удается найти указанный путь. (0x3)
[0109/185723.834:ERROR:prune_crash_reports.cc(36)] PruneCrashReportDatabase: Failed to get pending reports
[0109/190917.565:ERROR:directory_reader_win.cc(43)] FindFirstFile: Системе не удается найти указанный путь. (0x3)
